<?xml version="1.0" encoding="UTF-8"?>
<!-- Generated by org.testng.reporters.JUnitReportReporter -->
<testsuite skipped="0" hostname="NZWGTNLP54" name="end2endframework.UploadFile" tests="1" failures="0" timestamp="2020-03-09T15:12:25 NZDT" time="9.168" errors="0">
  <testcase name="VerifyLogin" time="9.168" classname="end2endframework.UploadFile"/>
  <system-out/>
</testsuite> <!-- end2endframework.UploadFile -->
