<?xml version="1.0" encoding="UTF-8"?>
<!-- Generated by org.testng.reporters.JUnitReportReporter -->
<testsuite skipped="0" hostname="NZWGTNLP54" name="end2endframework.HomePageTest" tests="2" failures="0" timestamp="2020-02-28T15:52:51 NZDT" time="30.426" errors="0">
  <testcase name="openhomepage" time="9.448" classname="end2endframework.HomePageTest"/>
  <system-out/>
  <testcase name="openhomepage" time="20.978" classname="end2endframework.HomePageTest"/>
  <system-out/>
</testsuite> <!-- end2endframework.HomePageTest -->
