<?xml version="1.0" encoding="UTF-8"?>
<!-- Generated by org.testng.reporters.JUnitReportReporter -->
<testsuite skipped="0" hostname="NZWGTNLP54" name="end2endframework.LoginPageTest" tests="6" failures="0" timestamp="2020-03-05T14:04:47 NZDT" time="51.128" errors="0">
  <testcase name="VerifyAddressblock" time="4.060" classname="end2endframework.LoginPageTest"/>
  <system-out/>
  <testcase name="Verifyshipping" time="15.717" classname="end2endframework.LoginPageTest"/>
  <system-out/>
  <testcase name="VerifyPayment" time="8.500" classname="end2endframework.LoginPageTest"/>
  <system-out/>
  <testcase name="VerifyLogin" time="19.600" classname="end2endframework.LoginPageTest"/>
  <system-out/>
  <testcase name="VerifySummaryStep" time="0.300" classname="end2endframework.LoginPageTest"/>
  <system-out/>
  <testcase name="VerifyCheckOutPageTableColumns" time="2.951" classname="end2endframework.LoginPageTest"/>
  <system-out/>
</testsuite> <!-- end2endframework.LoginPageTest -->
