<?xml version="1.0" encoding="UTF-8"?>
<!-- Generated by org.testng.reporters.JUnitReportReporter -->
<testsuite skipped="0" hostname="NZWGTNLP54" name="end2endframework.AutoPractiseHomeTest" tests="1" failures="0" timestamp="2020-03-05T12:02:37 NZDT" time="6.984" errors="0">
  <testcase name="openAutomationHomePage" time="6.984" classname="end2endframework.AutoPractiseHomeTest"/>
  <system-out/>
</testsuite> <!-- end2endframework.AutoPractiseHomeTest -->
